c:\users\acer\onedrive\desktop\github\csopesy\csopesy-mco\process-.c973aea0\x64\debug\vc143.pdb
c:\users\acer\onedrive\desktop\github\csopesy\csopesy-mco\process-.c973aea0\x64\debug\vc143.idb
c:\users\acer\onedrive\desktop\github\csopesy\csopesy-mco\process-.c973aea0\x64\debug\process.obj
c:\users\acer\onedrive\desktop\github\csopesy\csopesy-mco\process-.c973aea0\x64\debug\mainconsole.obj
c:\users\acer\onedrive\desktop\github\csopesy\csopesy-mco\process-.c973aea0\x64\debug\main.obj
c:\users\acer\onedrive\desktop\github\csopesy\csopesy-mco\process-.c973aea0\x64\debug\ietthread.obj
c:\users\acer\onedrive\desktop\github\csopesy\csopesy-mco\process-.c973aea0\x64\debug\globalconfig.obj
c:\users\acer\onedrive\desktop\github\csopesy\csopesy-mco\process-.c973aea0\x64\debug\consolemanager.obj
c:\users\acer\onedrive\desktop\github\csopesy\csopesy-mco\process-.c973aea0\x64\debug\basescreen.obj
c:\users\acer\onedrive\desktop\github\csopesy\csopesy-mco\process-.c973aea0\x64\debug\globalscheduler.obj
c:\users\acer\onedrive\desktop\github\csopesy\csopesy-mco\process-.c973aea0\x64\debug\schedulerworker.obj
c:\users\acer\onedrive\desktop\github\csopesy\csopesy-mco\process-.c973aea0\x64\debug\printcommand.obj
c:\users\acer\onedrive\desktop\github\csopesy\csopesy-mco\process-.c973aea0\x64\debug\icommand.obj
c:\users\acer\onedrive\desktop\github\csopesy\csopesy-mco\process-.c973aea0\x64\debug\aconsole.obj
c:\users\acer\onedrive\desktop\github\csopesy\csopesy-mco\process-.c973aea0\x64\debug\ascheduler.obj
c:\users\acer\onedrive\desktop\github\csopesy\csopesy-mco\process-.c973aea0\x64\debug\fcfsscheduler.obj
c:\users\acer\onedrive\desktop\github\csopesy\csopesy-mco\process-.c973aea0\x64\debug\roundrobinscheduler.obj
c:\users\acer\onedrive\desktop\github\csopesy\csopesy-mco\process-.c973aea0\x64\debug\resourceemulator.obj
c:\users\acer\onedrive\desktop\github\csopesy\csopesy-mco\process-.c973aea0\x64\debug\messagebuffer.obj
c:\users\acer\onedrive\desktop\github\csopesy\csopesy-mco\process-.c973aea0\x64\debug\ikeyboardevent.obj
c:\users\acer\onedrive\desktop\github\csopesy\csopesy-mco\process-.c973aea0\x64\debug\keyboardeventhandler.obj
c:\users\acer\onedrive\desktop\github\csopesy\csopesy-mco\process-.c973aea0\x64\debug\imemoryallocator.obj
c:\users\acer\onedrive\desktop\github\csopesy\csopesy-mco\process-.c973aea0\x64\debug\memorytestrun.obj
c:\users\acer\onedrive\desktop\github\csopesy\csopesy-mco\process-.c973aea0\x64\debug\debugscheduler.obj
c:\users\acer\onedrive\desktop\github\csopesy\csopesy-mco\process-.c973aea0\x64\debug\memorymanager.obj
c:\users\acer\onedrive\desktop\github\csopesy\csopesy-mco\process-.c973aea0\x64\debug\flatmemoryallocator.obj
c:\users\acer\onedrive\desktop\github\csopesy\csopesy-mco\x64\debug\process-scheduler.exe
c:\users\acer\onedrive\desktop\github\csopesy\csopesy-mco\x64\debug\process-scheduler.pdb
c:\users\acer\onedrive\desktop\github\csopesy\csopesy-mco\process-.c973aea0\x64\debug\process-scheduler.ilk
c:\users\acer\onedrive\desktop\github\csopesy\csopesy-mco\process-.c973aea0\x64\debug\process-.c973aea0.tlog\cl.command.1.tlog
c:\users\acer\onedrive\desktop\github\csopesy\csopesy-mco\process-.c973aea0\x64\debug\process-.c973aea0.tlog\cl.items.tlog
c:\users\acer\onedrive\desktop\github\csopesy\csopesy-mco\process-.c973aea0\x64\debug\process-.c973aea0.tlog\cl.read.1.tlog
c:\users\acer\onedrive\desktop\github\csopesy\csopesy-mco\process-.c973aea0\x64\debug\process-.c973aea0.tlog\cl.write.1.tlog
c:\users\acer\onedrive\desktop\github\csopesy\csopesy-mco\process-.c973aea0\x64\debug\process-.c973aea0.tlog\link.command.1.tlog
c:\users\acer\onedrive\desktop\github\csopesy\csopesy-mco\process-.c973aea0\x64\debug\process-.c973aea0.tlog\link.read.1.tlog
c:\users\acer\onedrive\desktop\github\csopesy\csopesy-mco\process-.c973aea0\x64\debug\process-.c973aea0.tlog\link.secondary.1.tlog
c:\users\acer\onedrive\desktop\github\csopesy\csopesy-mco\process-.c973aea0\x64\debug\process-.c973aea0.tlog\link.write.1.tlog
